2025-10-29 10:43:46 - root - INFO - ======================================================================
2025-10-29 10:43:46 - root - INFO - BAYESIAN NANOGPT TRAINING
2025-10-29 10:43:46 - root - INFO - ======================================================================
2025-10-29 10:43:46 - root - INFO - Sampler: EKF
2025-10-29 10:43:46 - root - INFO - Log file: logs/ekf_training_20251029_104346.log
2025-10-29 10:43:46 - root - INFO - Using W&B: True
2025-10-29 10:43:46 - root - INFO - ======================================================================
2025-10-29 10:43:46 - root - INFO - Random seed set to: 42
2025-10-29 10:43:46 - root - INFO - 
======================================================================
2025-10-29 10:43:46 - root - INFO - Loading pre-trained model...
2025-10-29 10:43:46 - root - INFO - ======================================================================
2025-10-29 10:43:46 - root - INFO - Model loaded successfully!
2025-10-29 10:43:46 - root - INFO - Vocabulary size: 65
2025-10-29 10:43:46 - root - INFO - 
======================================================================
2025-10-29 10:43:46 - root - INFO - Preparing training data...
2025-10-29 10:43:46 - root - INFO - ======================================================================
2025-10-29 10:43:46 - root - INFO - Created 625 training batches
2025-10-29 10:43:46 - root - INFO - Batch shape: torch.Size([16, 128])
2025-10-29 10:43:46 - root - INFO - Target shape: torch.Size([16, 1])
2025-10-29 10:43:46 - root - INFO - Total training samples: 10000
2025-10-29 10:43:46 - root - INFO - 
======================================================================
2025-10-29 10:43:46 - root - INFO - Starting Bayesian training pipeline...
2025-10-29 10:43:46 - root - INFO - ======================================================================
2025-10-29 10:43:52 - root - ERROR - 
======================================================================
2025-10-29 10:43:52 - root - ERROR - TRAINING FAILED!
2025-10-29 10:43:52 - root - ERROR - ======================================================================
2025-10-29 10:43:52 - root - ERROR - 'NoneType' object has no attribute 'items'
Traceback (most recent call last):
  File "/Users/sofianikolenko/Downloads/Projects_25/ADL/adl-bnn-textgen/scripts/bayesian_training_script.py", line 202, in main
    state, metrics, eval_results = run_bayesian_pipeline(
                                   ~~~~~~~~~~~~~~~~~~~~~^
        training_batches,
        ^^^^^^^^^^^^^^^^^
        sampler_type=args.sampler,
        ^^^^^^^^^^^^^^^^^^^^^^^^^^
        use_wandb=not args.no_wandb
        ^^^^^^^^^^^^^^^^^^^^^^^^^^^
    )
    ^
  File "/Users/sofianikolenko/Downloads/Projects_25/ADL/adl-bnn-textgen/src/bayesian_utils.py", line 848, in run_bayesian_pipeline
    save_dir = pipeline.save_model(state, MODEL, eval_results)
  File "/Users/sofianikolenko/Downloads/Projects_25/ADL/adl-bnn-textgen/src/bayesian_utils.py", line 695, in save_model
    for k, v in state.aux.items()} if hasattr(state, 'aux') else {},
                ^^^^^^^^^^^^^^^
AttributeError: 'NoneType' object has no attribute 'items'
