2025-10-28 10:37:33 - root - INFO - ======================================================================
2025-10-28 10:37:33 - root - INFO - BAYESIAN NANOGPT TRAINING
2025-10-28 10:37:33 - root - INFO - ======================================================================
2025-10-28 10:37:33 - root - INFO - Sampler: EKF
2025-10-28 10:37:33 - root - INFO - Log file: logs/ekf_training_20251028_103733.log
2025-10-28 10:37:33 - root - INFO - Using W&B: True
2025-10-28 10:37:33 - root - INFO - ======================================================================
2025-10-28 10:37:33 - root - INFO - Random seed set to: 42
2025-10-28 10:37:33 - root - INFO - 
======================================================================
2025-10-28 10:37:33 - root - INFO - Loading pre-trained model...
2025-10-28 10:37:33 - root - INFO - ======================================================================
2025-10-28 10:37:33 - root - INFO - Model loaded successfully!
2025-10-28 10:37:33 - root - INFO - Vocabulary size: 65
2025-10-28 10:37:33 - root - INFO - 
======================================================================
2025-10-28 10:37:33 - root - INFO - Preparing training data...
2025-10-28 10:37:33 - root - INFO - ======================================================================
2025-10-28 10:37:33 - root - ERROR - 
======================================================================
2025-10-28 10:37:33 - root - ERROR - TRAINING FAILED!
2025-10-28 10:37:33 - root - ERROR - ======================================================================
2025-10-28 10:37:33 - root - ERROR - [Errno 2] No such file or directory: '/Users/sofianikolenko/Downloads/Projects_25/ADL/adl-bnn-textgen/notebooks/nanoGPT/data/shakespeare_char/train.bin'
Traceback (most recent call last):
  File "/Users/sofianikolenko/Downloads/Projects_25/ADL/adl-bnn-textgen/scripts/bayesian_training_script.py", line 183, in main
    data = np.memmap(str(train_data_path), dtype=np.uint16, mode='r')
  File "/Users/sofianikolenko/Downloads/Projects_25/ADL/adl-bnn-textgen/.venv/lib/python3.14/site-packages/numpy/_core/memmap.py", line 236, in __new__
    f_ctx = open(
        os.fspath(filename),
        ('r' if mode == 'c' else mode) + 'b'
    )
FileNotFoundError: [Errno 2] No such file or directory: '/Users/sofianikolenko/Downloads/Projects_25/ADL/adl-bnn-textgen/notebooks/nanoGPT/data/shakespeare_char/train.bin'
