2025-10-29 10:47:43 - root - INFO - ======================================================================
2025-10-29 10:47:43 - root - INFO - BAYESIAN NANOGPT TRAINING
2025-10-29 10:47:43 - root - INFO - ======================================================================
2025-10-29 10:47:43 - root - INFO - Sampler: EKF
2025-10-29 10:47:43 - root - INFO - Log file: logs/ekf_training_20251029_104743.log
2025-10-29 10:47:43 - root - INFO - Using W&B: True
2025-10-29 10:47:43 - root - INFO - ======================================================================
2025-10-29 10:47:43 - root - INFO - Random seed set to: 42
2025-10-29 10:47:43 - root - INFO - 
======================================================================
2025-10-29 10:47:43 - root - INFO - Loading pre-trained model...
2025-10-29 10:47:43 - root - INFO - ======================================================================
2025-10-29 10:47:43 - root - INFO - Model loaded successfully!
2025-10-29 10:47:43 - root - INFO - Vocabulary size: 65
2025-10-29 10:47:43 - root - INFO - 
======================================================================
2025-10-29 10:47:43 - root - INFO - Preparing training data...
2025-10-29 10:47:43 - root - INFO - ======================================================================
2025-10-29 10:47:44 - root - INFO - Created 625 training batches
2025-10-29 10:47:44 - root - INFO - Batch shape: torch.Size([16, 128])
2025-10-29 10:47:44 - root - INFO - Target shape: torch.Size([16, 1])
2025-10-29 10:47:44 - root - INFO - Total training samples: 10000
2025-10-29 10:47:44 - root - INFO - 
======================================================================
2025-10-29 10:47:44 - root - INFO - Starting Bayesian training pipeline...
2025-10-29 10:47:44 - root - INFO - ======================================================================
