2025-10-29 15:14:13 - root - INFO - ======================================================================
2025-10-29 15:14:13 - root - INFO - BAYESIAN NANOGPT TRAINING
2025-10-29 15:14:13 - root - INFO - ======================================================================
2025-10-29 15:14:13 - root - INFO - Sampler: LAPLACE
2025-10-29 15:14:13 - root - INFO - Log file: logs/laplace_training_20251029_151413.log
2025-10-29 15:14:13 - root - INFO - Using W&B: True
2025-10-29 15:14:13 - root - INFO - ======================================================================
2025-10-29 15:14:13 - root - INFO - Random seed set to: 42
2025-10-29 15:14:13 - root - INFO - 
======================================================================
2025-10-29 15:14:13 - root - INFO - Loading pre-trained model...
2025-10-29 15:14:13 - root - INFO - ======================================================================
2025-10-29 15:14:13 - root - INFO - Model loaded successfully!
2025-10-29 15:14:13 - root - INFO - Vocabulary size: 65
2025-10-29 15:14:13 - root - INFO - 
======================================================================
2025-10-29 15:14:13 - root - INFO - Preparing training data...
2025-10-29 15:14:13 - root - INFO - ======================================================================
2025-10-29 15:14:14 - root - INFO - Created 625 training batches
2025-10-29 15:14:14 - root - INFO - Batch shape: torch.Size([16, 128])
2025-10-29 15:14:14 - root - INFO - Target shape: torch.Size([16, 1])
2025-10-29 15:14:14 - root - INFO - Total training samples: 10000
2025-10-29 15:14:14 - root - INFO - 
======================================================================
2025-10-29 15:14:14 - root - INFO - Starting Bayesian training pipeline...
2025-10-29 15:14:14 - root - INFO - ======================================================================
2025-11-01 19:31:24 - root - INFO - 
======================================================================
2025-11-01 19:31:24 - root - INFO - TRAINING COMPLETED SUCCESSFULLY!
2025-11-01 19:31:24 - root - INFO - ======================================================================
2025-11-01 19:31:24 - root - INFO - Final Training Loss: 1.1320
2025-11-01 19:31:24 - root - INFO - Final Log Posterior: -16256.9943
2025-11-01 19:31:24 - root - INFO - 
Evaluation Results:
2025-11-01 19:31:24 - root - INFO -   Deterministic Loss: 0.5423
2025-11-01 19:31:24 - root - INFO -   Bayesian Loss: 0.5423
2025-11-01 19:31:24 - root - INFO -   Improvement: +0.0000
2025-11-01 19:31:24 - root - INFO -   Better than deterministic: False
2025-11-01 19:31:24 - root - INFO - ======================================================================
2025-11-01 19:31:24 - root - INFO - Log file saved to: logs/laplace_training_20251029_151413.log
2025-11-01 19:31:24 - root - INFO - ======================================================================
