2025-11-05 01:35:23 - root - INFO - ======================================================================
2025-11-05 01:35:23 - root - INFO - BAYESIAN NANOGPT TRAINING
2025-11-05 01:35:23 - root - INFO - ======================================================================
2025-11-05 01:35:23 - root - INFO - Sampler: VI
2025-11-05 01:35:23 - root - INFO - Log file: logs\vi_training_20251105_013523.log
2025-11-05 01:35:23 - root - INFO - Using W&B: False
2025-11-05 01:35:23 - root - INFO - ======================================================================
2025-11-05 01:35:23 - root - INFO - Random seed set to: 42
2025-11-05 01:35:23 - root - INFO - Overriding epochs: 1
2025-11-05 01:35:23 - root - INFO - Overriding train_samples: 20
2025-11-05 01:35:23 - root - INFO - 
======================================================================
2025-11-05 01:35:23 - root - INFO - Loading pre-trained model...
2025-11-05 01:35:23 - root - INFO - ======================================================================
2025-11-05 01:35:24 - root - ERROR - 
======================================================================
2025-11-05 01:35:24 - root - ERROR - TRAINING FAILED!
2025-11-05 01:35:24 - root - ERROR - ======================================================================
2025-11-05 01:35:24 - root - ERROR - [Errno 2] No such file or directory: 'meta.pkl'
Traceback (most recent call last):
  File "C:\Users\hayk_\OneDrive\Desktop\05_LMU_Masters\04_applied_dl\adl-bnn-textgen\scripts\bayesian_training_script.py", line 176, in main
    stoi, itos = load_tokenizer(Path(META_PATH))
                 ^^^^^^^^^^^^^^^^^^^^^^^^^^^^^^^
  File "C:\Users\hayk_\OneDrive\Desktop\05_LMU_Masters\04_applied_dl\adl-bnn-textgen\src\nanogpt_utils.py", line 92, in load_tokenizer
    with open(meta_path, 'rb') as f:
         ^^^^^^^^^^^^^^^^^^^^^
FileNotFoundError: [Errno 2] No such file or directory: 'meta.pkl'
