2025-10-28 11:10:21 - root - INFO - ======================================================================
2025-10-28 11:10:21 - root - INFO - BAYESIAN NANOGPT TRAINING
2025-10-28 11:10:21 - root - INFO - ======================================================================
2025-10-28 11:10:21 - root - INFO - Sampler: VI
2025-10-28 11:10:21 - root - INFO - Log file: logs/vi_training_20251028_111021.log
2025-10-28 11:10:21 - root - INFO - Using W&B: True
2025-10-28 11:10:21 - root - INFO - ======================================================================
2025-10-28 11:10:21 - root - INFO - Random seed set to: 42
2025-10-28 11:10:21 - root - INFO - 
======================================================================
2025-10-28 11:10:21 - root - INFO - Loading pre-trained model...
2025-10-28 11:10:21 - root - INFO - ======================================================================
2025-10-28 11:10:22 - root - INFO - Model loaded successfully!
2025-10-28 11:10:22 - root - INFO - Vocabulary size: 65
2025-10-28 11:10:22 - root - INFO - 
======================================================================
2025-10-28 11:10:22 - root - INFO - Preparing training data...
2025-10-28 11:10:22 - root - INFO - ======================================================================
2025-10-28 11:10:22 - root - INFO - Created 625 training batches
2025-10-28 11:10:22 - root - INFO - Batch shape: torch.Size([16, 128])
2025-10-28 11:10:22 - root - INFO - Target shape: torch.Size([16, 1])
2025-10-28 11:10:22 - root - INFO - Total training samples: 10000
2025-10-28 11:10:22 - root - INFO - 
======================================================================
2025-10-28 11:10:22 - root - INFO - Starting Bayesian training pipeline...
2025-10-28 11:10:22 - root - INFO - ======================================================================
