2025-11-05 01:44:36 - root - INFO - ======================================================================
2025-11-05 01:44:36 - root - INFO - BAYESIAN NANOGPT TRAINING
2025-11-05 01:44:36 - root - INFO - ======================================================================
2025-11-05 01:44:36 - root - INFO - Sampler: VI
2025-11-05 01:44:36 - root - INFO - Log file: logs\vi_training_20251105_014436.log
2025-11-05 01:44:36 - root - INFO - Using W&B: False
2025-11-05 01:44:36 - root - INFO - ======================================================================
2025-11-05 01:44:36 - root - INFO - Random seed set to: 42
2025-11-05 01:44:36 - root - INFO - Overriding epochs: 1
2025-11-05 01:44:36 - root - INFO - Overriding train_samples: 20
2025-11-05 01:44:36 - root - INFO - 
======================================================================
2025-11-05 01:44:36 - root - INFO - Loading pre-trained model...
2025-11-05 01:44:36 - root - INFO - ======================================================================
2025-11-05 01:44:37 - root - INFO - Model loaded successfully!
2025-11-05 01:44:37 - root - INFO - Vocabulary size: 65
2025-11-05 01:44:37 - root - INFO - 
======================================================================
2025-11-05 01:44:37 - root - INFO - Preparing training data...
2025-11-05 01:44:37 - root - INFO - ======================================================================
2025-11-05 01:44:37 - root - INFO - Created 2 training batches
2025-11-05 01:44:37 - root - INFO - Batch shape: torch.Size([16, 128])
2025-11-05 01:44:37 - root - INFO - Target shape: torch.Size([16, 1])
2025-11-05 01:44:37 - root - INFO - Total training samples: 20
2025-11-05 01:44:37 - root - INFO - 
======================================================================
2025-11-05 01:44:37 - root - INFO - Starting Bayesian training pipeline...
2025-11-05 01:44:37 - root - INFO - ======================================================================
2025-11-05 01:44:41 - root - ERROR - 
======================================================================
2025-11-05 01:44:41 - root - ERROR - TRAINING FAILED!
2025-11-05 01:44:41 - root - ERROR - ======================================================================
2025-11-05 01:44:41 - root - ERROR - 'tuple' object has no attribute 'params'
Traceback (most recent call last):
  File "C:\Users\hayk_\OneDrive\Desktop\05_LMU_Masters\04_applied_dl\adl-bnn-textgen\scripts\bayesian_training_script.py", line 207, in main
    state, metrics, eval_results = run_bayesian_pipeline(
                                   ^^^^^^^^^^^^^^^^^^^^^^
  File "C:\Users\hayk_\OneDrive\Desktop\05_LMU_Masters\04_applied_dl\adl-bnn-textgen\src\bayesian_utils.py", line 917, in run_bayesian_pipeline
    eval_results = pipeline.evaluate_predictions(
                   ^^^^^^^^^^^^^^^^^^^^^^^^^^^^^^
  File "C:\Users\hayk_\OneDrive\Desktop\05_LMU_Masters\04_applied_dl\adl-bnn-textgen\src\bayesian_utils.py", line 568, in evaluate_predictions
    current_params = state.params
                     ^^^^^^^^^^^^
AttributeError: 'tuple' object has no attribute 'params'
