2025-11-05 01:49:04 - root - INFO - ======================================================================
2025-11-05 01:49:04 - root - INFO - BAYESIAN NANOGPT TRAINING
2025-11-05 01:49:04 - root - INFO - ======================================================================
2025-11-05 01:49:04 - root - INFO - Sampler: VI
2025-11-05 01:49:04 - root - INFO - Log file: logs\vi_training_20251105_014904.log
2025-11-05 01:49:04 - root - INFO - Using W&B: False
2025-11-05 01:49:04 - root - INFO - ======================================================================
2025-11-05 01:49:04 - root - INFO - Random seed set to: 42
2025-11-05 01:49:04 - root - INFO - Overriding epochs: 1
2025-11-05 01:49:04 - root - INFO - Overriding train_samples: 20
2025-11-05 01:49:04 - root - INFO - 
======================================================================
2025-11-05 01:49:04 - root - INFO - Loading pre-trained model...
2025-11-05 01:49:04 - root - INFO - ======================================================================
2025-11-05 01:49:05 - root - INFO - Model loaded successfully!
2025-11-05 01:49:05 - root - INFO - Vocabulary size: 65
2025-11-05 01:49:05 - root - INFO - 
======================================================================
2025-11-05 01:49:05 - root - INFO - Preparing training data...
2025-11-05 01:49:05 - root - INFO - ======================================================================
2025-11-05 01:49:05 - root - INFO - Created 2 training batches
2025-11-05 01:49:05 - root - INFO - Batch shape: torch.Size([16, 128])
2025-11-05 01:49:05 - root - INFO - Target shape: torch.Size([16, 1])
2025-11-05 01:49:05 - root - INFO - Total training samples: 20
2025-11-05 01:49:05 - root - INFO - 
======================================================================
2025-11-05 01:49:05 - root - INFO - Starting Bayesian training pipeline...
2025-11-05 01:49:05 - root - INFO - ======================================================================
2025-11-05 01:49:32 - root - WARNING - 
======================================================================
2025-11-05 01:49:32 - root - WARNING - Training interrupted by user (Ctrl+C)
2025-11-05 01:49:32 - root - WARNING - ======================================================================
