2025-11-05 01:42:08 - root - INFO - ======================================================================
2025-11-05 01:42:08 - root - INFO - BAYESIAN NANOGPT TRAINING
2025-11-05 01:42:08 - root - INFO - ======================================================================
2025-11-05 01:42:08 - root - INFO - Sampler: VI
2025-11-05 01:42:08 - root - INFO - Log file: logs\vi_training_20251105_014208.log
2025-11-05 01:42:08 - root - INFO - Using W&B: False
2025-11-05 01:42:08 - root - INFO - ======================================================================
2025-11-05 01:42:08 - root - INFO - Random seed set to: 42
2025-11-05 01:42:08 - root - INFO - Overriding epochs: 1
2025-11-05 01:42:08 - root - INFO - Overriding train_samples: 20
2025-11-05 01:42:08 - root - INFO - 
======================================================================
2025-11-05 01:42:08 - root - INFO - Loading pre-trained model...
2025-11-05 01:42:08 - root - INFO - ======================================================================
2025-11-05 01:42:08 - root - INFO - Model loaded successfully!
2025-11-05 01:42:08 - root - INFO - Vocabulary size: 65
2025-11-05 01:42:08 - root - INFO - 
======================================================================
2025-11-05 01:42:08 - root - INFO - Preparing training data...
2025-11-05 01:42:08 - root - INFO - ======================================================================
2025-11-05 01:42:08 - root - ERROR - 
======================================================================
2025-11-05 01:42:08 - root - ERROR - TRAINING FAILED!
2025-11-05 01:42:08 - root - ERROR - ======================================================================
2025-11-05 01:42:08 - root - ERROR - [Errno 2] No such file or directory: 'data\\train.bin'
Traceback (most recent call last):
  File "C:\Users\hayk_\OneDrive\Desktop\05_LMU_Masters\04_applied_dl\adl-bnn-textgen\scripts\bayesian_training_script.py", line 188, in main
    data = np.memmap(str(train_data_path), dtype=np.uint16, mode='r')
           ^^^^^^^^^^^^^^^^^^^^^^^^^^^^^^^^^^^^^^^^^^^^^^^^^^^^^^^^^^
  File "C:\Users\hayk_\OneDrive\Desktop\05_LMU_Masters\04_applied_dl\adl-bnn-textgen\bnn\Lib\site-packages\numpy\_core\memmap.py", line 236, in __new__
    f_ctx = open(
            ^^^^^
FileNotFoundError: [Errno 2] No such file or directory: 'data\\train.bin'
