2025-11-05 01:54:44 - root - INFO - ======================================================================
2025-11-05 01:54:44 - root - INFO - BAYESIAN NANOGPT TRAINING
2025-11-05 01:54:44 - root - INFO - ======================================================================
2025-11-05 01:54:44 - root - INFO - Sampler: VI
2025-11-05 01:54:44 - root - INFO - Log file: logs\vi_training_20251105_015444.log
2025-11-05 01:54:44 - root - INFO - Using W&B: False
2025-11-05 01:54:44 - root - INFO - ======================================================================
2025-11-05 01:54:44 - root - INFO - Random seed set to: 42
2025-11-05 01:54:44 - root - INFO - Overriding epochs: 1
2025-11-05 01:54:44 - root - INFO - Overriding train_samples: 20
2025-11-05 01:54:44 - root - INFO - 
======================================================================
2025-11-05 01:54:44 - root - INFO - Loading pre-trained model...
2025-11-05 01:54:44 - root - INFO - ======================================================================
2025-11-05 01:54:45 - root - INFO - Model loaded successfully!
2025-11-05 01:54:45 - root - INFO - Vocabulary size: 65
2025-11-05 01:54:45 - root - INFO - 
======================================================================
2025-11-05 01:54:45 - root - INFO - Preparing training data...
2025-11-05 01:54:45 - root - INFO - ======================================================================
2025-11-05 01:54:45 - root - INFO - Created 2 training batches
2025-11-05 01:54:45 - root - INFO - Batch shape: torch.Size([16, 128])
2025-11-05 01:54:45 - root - INFO - Target shape: torch.Size([16, 1])
2025-11-05 01:54:45 - root - INFO - Total training samples: 20
2025-11-05 01:54:45 - root - INFO - 
======================================================================
2025-11-05 01:54:45 - root - INFO - Starting Bayesian training pipeline...
2025-11-05 01:54:45 - root - INFO - ======================================================================
2025-11-05 01:56:20 - root - INFO - 
======================================================================
2025-11-05 01:56:20 - root - INFO - TRAINING COMPLETED SUCCESSFULLY!
2025-11-05 01:56:20 - root - INFO - ======================================================================
2025-11-05 01:56:20 - root - INFO - Final Training Loss: 0.0732
2025-11-05 01:56:20 - root - INFO - Final Log Posterior: -5669.0979
2025-11-05 01:56:20 - root - INFO - 
Evaluation Results:
2025-11-05 01:56:20 - root - INFO -   Deterministic Loss: 0.6914
2025-11-05 01:56:20 - root - INFO -   Bayesian Loss: 0.1291
2025-11-05 01:56:20 - root - INFO -   Improvement: +0.5623
2025-11-05 01:56:20 - root - INFO -   Better than deterministic: True
2025-11-05 01:56:20 - root - INFO - ======================================================================
2025-11-05 01:56:20 - root - INFO - Log file saved to: logs\vi_training_20251105_015444.log
2025-11-05 01:56:20 - root - INFO - ======================================================================
