2025-10-28 11:20:01 - root - INFO - ======================================================================
2025-10-28 11:20:01 - root - INFO - BAYESIAN NANOGPT TRAINING
2025-10-28 11:20:01 - root - INFO - ======================================================================
2025-10-28 11:20:01 - root - INFO - Sampler: VI
2025-10-28 11:20:01 - root - INFO - Log file: logs/vi_training_20251028_112001.log
2025-10-28 11:20:01 - root - INFO - Using W&B: True
2025-10-28 11:20:01 - root - INFO - ======================================================================
2025-10-28 11:20:01 - root - INFO - Random seed set to: 42
2025-10-28 11:20:01 - root - INFO - 
======================================================================
2025-10-28 11:20:01 - root - INFO - Loading pre-trained model...
2025-10-28 11:20:01 - root - INFO - ======================================================================
2025-10-28 11:20:01 - root - INFO - Model loaded successfully!
2025-10-28 11:20:01 - root - INFO - Vocabulary size: 65
2025-10-28 11:20:01 - root - INFO - 
======================================================================
2025-10-28 11:20:01 - root - INFO - Preparing training data...
2025-10-28 11:20:01 - root - INFO - ======================================================================
2025-10-28 11:20:02 - root - INFO - Created 625 training batches
2025-10-28 11:20:02 - root - INFO - Batch shape: torch.Size([16, 128])
2025-10-28 11:20:02 - root - INFO - Target shape: torch.Size([16, 1])
2025-10-28 11:20:02 - root - INFO - Total training samples: 10000
2025-10-28 11:20:02 - root - INFO - 
======================================================================
2025-10-28 11:20:02 - root - INFO - Starting Bayesian training pipeline...
2025-10-28 11:20:02 - root - INFO - ======================================================================
2025-10-29 00:24:23 - root - INFO - 
======================================================================
2025-10-29 00:24:23 - root - INFO - TRAINING COMPLETED SUCCESSFULLY!
2025-10-29 00:24:23 - root - INFO - ======================================================================
2025-10-29 00:24:23 - root - INFO - Final Training Loss: 0.7728
2025-10-29 00:24:23 - root - INFO - Final Log Posterior: -12636.2332
2025-10-29 00:24:23 - root - INFO - 
Evaluation Results:
2025-10-29 00:24:23 - root - INFO -   Deterministic Loss: 0.5423
2025-10-29 00:24:23 - root - INFO -   Bayesian Loss: 0.2917
2025-10-29 00:24:23 - root - INFO -   Improvement: +0.2505
2025-10-29 00:24:23 - root - INFO -   Better than deterministic: True
2025-10-29 00:24:23 - root - INFO - ======================================================================
2025-10-29 00:24:23 - root - INFO - Log file saved to: logs/vi_training_20251028_112001.log
2025-10-29 00:24:23 - root - INFO - ======================================================================
